<?xml version="1.0" encoding="utf-8"?><testsuites name="pytest tests"><testsuite name="pytest" errors="0" failures="0" skipped="0" tests="18" time="4.150" timestamp="2026-01-07T08:45:36.071784+00:00" hostname="agent-env-4b3e55a6-bbba-4502-ac55-3aba7e5fdb53"><testcase classname="tests.test_password_reset_audit.TestHealthCheck" name="test_api_health" time="0.094" /><testcase classname="tests.test_password_reset_audit.TestForgotPassword" name="test_forgot_password_existing_user" time="0.308" /><testcase classname="tests.test_password_reset_audit.TestForgotPassword" name="test_forgot_password_nonexistent_user" time="0.041" /><testcase classname="tests.test_password_reset_audit.TestForgotPassword" name="test_forgot_password_invalid_email_format" time="0.038" /><testcase classname="tests.test_password_reset_audit.TestVerifyResetToken" name="test_verify_valid_token" time="0.090" /><testcase classname="tests.test_password_reset_audit.TestVerifyResetToken" name="test_verify_invalid_token" time="0.035" /><testcase classname="tests.test_password_reset_audit.TestResetPassword" name="test_reset_password_success" time="0.553" /><testcase classname="tests.test_password_reset_audit.TestResetPassword" name="test_reset_password_invalid_token" time="0.036" /><testcase classname="tests.test_password_reset_audit.TestResetPassword" name="test_reset_password_short_password" time="0.075" /><testcase classname="tests.test_password_reset_audit.TestResetPassword" name="test_reset_password_used_token" time="0.331" /><testcase classname="tests.test_password_reset_audit.TestAdminAuditLogs" name="test_get_audit_logs" time="0.295" /><testcase classname="tests.test_password_reset_audit.TestAdminAuditLogs" name="test_get_audit_logs_pagination" time="0.295" /><testcase classname="tests.test_password_reset_audit.TestAdminAuditLogs" name="test_get_audit_logs_filter_by_action" time="0.290" /><testcase classname="tests.test_password_reset_audit.TestAdminAuditLogs" name="test_get_audit_logs_filter_by_resource" time="0.293" /><testcase classname="tests.test_password_reset_audit.TestAdminAuditLogs" name="test_get_audit_log_actions" time="0.297" /><testcase classname="tests.test_password_reset_audit.TestAdminAuditLogs" name="test_audit_logs_unauthorized" time="0.031" /><testcase classname="tests.test_password_reset_audit.TestAdminAuditLogs" name="test_audit_logs_non_admin" time="0.296" /><testcase classname="tests.test_password_reset_audit.TestAuditLogCreation" name="test_user_creation_creates_audit_log" time="0.629" /></testsuite></testsuites>